Using pre-set license
Built from '2021.1/staging' branch; Version is '2021.1.0b4 (6d90c0720bd4) revision 7180480'; Using compiler version '192528614'; Build Type 'Release'
OS: 'Windows 10 Enterprise; OS build 18363.1500; Version 1909; 64bit' Language: 'en' Physical Memory: 8072 MB
BatchMode: 1, IsHumanControllingUs: 0, StartBugReporterOnCrash: 0, Is64bit: 1, IsPro: 0

 COMMAND LINE ARGUMENTS:
C:\Program Files\Unity\Hub\Editor\2021.1.0b4\Editor\Unity.exe
-adb2
-batchMode
-noUpm
-name
AssetImportWorker0
-projectPath
D:/UNITY/Racing Car
-logFile
Logs/AssetImportWorker0.log
-srvPort
49930
Successfully changed project path to: D:/UNITY/Racing Car
D:/UNITY/Racing Car
Using Asset Import Pipeline V2.
Refreshing native plugins compatible for Editor in 58.86 ms, found 0 plugins.
Preloading 0 native plugins for Editor in 0.00 ms.
Initialize engine version: 2021.1.0b4 (6d90c0720bd4)
[Subsystems] Discovering subsystems at path C:/Program Files/Unity/Hub/Editor/2021.1.0b4/Editor/Data/Resources/UnitySubsystems
[Subsystems] Discovering subsystems at path D:/UNITY/Racing Car/Assets
GfxDevice: creating device client; threaded=0; jobified=0
Direct3D:
    Version:  Direct3D 11.0 [level 11.1]
    Renderer: NVIDIA GeForce GTX 1050 (ID=0x1c8d)
    Vendor:   NVIDIA
    VRAM:     4021 MB
    Driver:   26.21.14.4166
Initialize mono
Mono path[0] = 'C:/Program Files/Unity/Hub/Editor/2021.1.0b4/Editor/Data/Managed'
Mono path[1] = 'C:/Program Files/Unity/Hub/Editor/2021.1.0b4/Editor/Data/MonoBleedingEdge/lib/mono/unityjit'
Mono config path = 'C:/Program Files/Unity/Hub/Editor/2021.1.0b4/Editor/Data/MonoBleedingEdge/etc'
Using monoOptions --debugger-agent=transport=dt_socket,embedding=1,server=y,suspend=n,address=127.0.0.1:56500
Begin MonoManager ReloadAssembly
Registering precompiled unity dll's ...
Register platform support module: C:/Program Files/Unity/Hub/Editor/2021.1.0b4/Editor/Data/PlaybackEngines/WindowsStandaloneSupport/UnityEditor.WindowsStandalone.Extensions.dll
Registered in 0.001539 seconds.
Native extension for WindowsStandalone target not found
Refreshing native plugins compatible for Editor in 56.85 ms, found 0 plugins.
Preloading 0 native plugins for Editor in 0.00 ms.
Mono: successfully reloaded assembly
- Completed reload, in  2.009 seconds
Platform modules already initialized, skipping
Registering precompiled user dll's ...
Registered in 0.005803 seconds.
Begin MonoManager ReloadAssembly
Native extension for WindowsStandalone target not found
Refreshing native plugins compatible for Editor in 0.93 ms, found 0 plugins.
Preloading 0 native plugins for Editor in 0.00 ms.
UnityIAP: [InitializeOnLoad] Facebook Check
UnityIAP: Runtime [2021.1.0b4]
UnityIAP: Current Build is Standalone:StandaloneWindows64
UnityIAP: stub FacebookStore.dll disabled
Mono: successfully reloaded assembly
- Completed reload, in  1.285 seconds
Platform modules already initialized, skipping
========================================================================
Worker process is ready to serve import requests
Launched and connected shader compiler UnityShaderCompiler.exe after 0.07 seconds
Refreshing native plugins compatible for Editor in 0.97 ms, found 0 plugins.
Preloading 0 native plugins for Editor in 0.00 ms.
Unloading 1809 Unused Serialized files (Serialized files now loaded: 0)
System memory in use before: 228.9 MB.
System memory in use after: 229.0 MB.

Unloading 49 unused Assets to reduce memory usage. Loaded Objects now: 2262.
Total: 5.868200 ms (FindLiveObjects: 0.181100 ms CreateObjectMapping: 0.080700 ms MarkObjects: 5.520400 ms  DeleteObjects: 0.084600 ms)

========================================================================
Received Import Request.
  path: Assets/Scripts
  artifactKey: Guid(ee92cfa24e88e324a88bf8a630017e94) Importer(815301076,1909f56bfc062723c751e8b465ee728b)
Start importing Assets/Scripts using Guid(ee92cfa24e88e324a88bf8a630017e94) Importer(815301076,1909f56bfc062723c751e8b465ee728b)  -> (artifact id: 'a85bf33a9abc08080fad888a6eec59cd') in 0.009005 seconds 
========================================================================
Received Import Request.
  Time since last request: 0.021097 seconds.
  path: Assets/Scripts/HalfPointTrigger.cs
  artifactKey: Guid(fd99d265a2fae544e946c4a7ffd8ef67) Importer(815301076,1909f56bfc062723c751e8b465ee728b)
Start importing Assets/Scripts/HalfPointTrigger.cs using Guid(fd99d265a2fae544e946c4a7ffd8ef67) Importer(815301076,1909f56bfc062723c751e8b465ee728b)  -> (artifact id: '17914f869a64fee13a87fdcfdffd575f') in 0.044278 seconds 
========================================================================
Received Prepare
Refreshing native plugins compatible for Editor in 19.19 ms, found 0 plugins.
Preloading 0 native plugins for Editor in 0.00 ms.
Unloading 39 Unused Serialized files (Serialized files now loaded: 0)
System memory in use before: 193.2 MB.
System memory in use after: 193.3 MB.

Unloading 38 unused Assets to reduce memory usage. Loaded Objects now: 2262.
Total: 16.266900 ms (FindLiveObjects: 0.318800 ms CreateObjectMapping: 0.161000 ms MarkObjects: 15.734000 ms  DeleteObjects: 0.050500 ms)

========================================================================
Received Import Request.
  Time since last request: 67.304918 seconds.
  path: Assets/Resources
  artifactKey: Guid(723338a365e2ea149a0633cfbcfc243c) Importer(815301076,1909f56bfc062723c751e8b465ee728b)
Start importing Assets/Resources using Guid(723338a365e2ea149a0633cfbcfc243c) Importer(815301076,1909f56bfc062723c751e8b465ee728b)  -> (artifact id: '89d54ba57d36155c7bb97b0b8b9c58b9') in 0.009163 seconds 
========================================================================
Received Import Request.
  Time since last request: 22.958279 seconds.
  path: Assets/Textures/s-l300.jpg
  artifactKey: Guid(f96abd977b2b7de49966da9106653f86) Importer(815301076,1909f56bfc062723c751e8b465ee728b)
Start importing Assets/Textures/s-l300.jpg using Guid(f96abd977b2b7de49966da9106653f86) Importer(815301076,1909f56bfc062723c751e8b465ee728b)  -> (artifact id: '1e18a0c5a2208fad627e2e525563587d') in 0.199724 seconds 
========================================================================
Received Import Request.
  Time since last request: 0.978215 seconds.
  path: Assets/Track/bksid_10.jpg
  artifactKey: Guid(10c57b2a78dc6a744866e1350e479ed1) Importer(815301076,1909f56bfc062723c751e8b465ee728b)
Start importing Assets/Track/bksid_10.jpg using Guid(10c57b2a78dc6a744866e1350e479ed1) Importer(815301076,1909f56bfc062723c751e8b465ee728b)  -> (artifact id: 'd15e5a6344e448921977b8758e0215ad') in 0.227239 seconds 
========================================================================
Received Import Request.
  Time since last request: 0.046828 seconds.
  path: Assets/Track/city_road_4ways.3ds
  artifactKey: Guid(b7040c41af3751c4fa84936c7a3ca8ef) Importer(815301076,1909f56bfc062723c751e8b465ee728b)
Start importing Assets/Track/city_road_4ways.3ds using Guid(b7040c41af3751c4fa84936c7a3ca8ef) Importer(815301076,1909f56bfc062723c751e8b465ee728b)  -> (artifact id: '44bcb3873a14f6e6d367b6eb4471414e') in 0.958168 seconds 
========================================================================
Received Import Request.
  Time since last request: 0.030475 seconds.
  path: Assets/Track/nr_05B.jpg
  artifactKey: Guid(4455542e263c42b4a9d5ace15a846bb1) Importer(815301076,1909f56bfc062723c751e8b465ee728b)
Start importing Assets/Track/nr_05B.jpg using Guid(4455542e263c42b4a9d5ace15a846bb1) Importer(815301076,1909f56bfc062723c751e8b465ee728b)  -> (artifact id: 'ececca3cdb966c087a650581e547fe22') in 0.020305 seconds 
========================================================================
Received Import Request.
  Time since last request: 0.026829 seconds.
  path: Assets/Track/nr_05C.jpg
  artifactKey: Guid(7588b33676c2fa0429baf85545aadbb3) Importer(815301076,1909f56bfc062723c751e8b465ee728b)
Start importing Assets/Track/nr_05C.jpg using Guid(7588b33676c2fa0429baf85545aadbb3) Importer(815301076,1909f56bfc062723c751e8b465ee728b)  -> (artifact id: '01c22922ed0efbcea0c3d806f1273bf5') in 0.032781 seconds 
========================================================================
Received Import Request.
  Time since last request: 0.026863 seconds.
  path: Assets/Track/nr_07C.jpg
  artifactKey: Guid(78accf9ea4991c54597246af4750e53f) Importer(815301076,1909f56bfc062723c751e8b465ee728b)
Start importing Assets/Track/nr_07C.jpg using Guid(78accf9ea4991c54597246af4750e53f) Importer(815301076,1909f56bfc062723c751e8b465ee728b)  -> (artifact id: '06623c9e6af34d22551496c5dd586ae4') in 0.045475 seconds 
========================================================================
Received Import Request.
  Time since last request: 0.027207 seconds.
  path: Assets/Track/nr_08B.jpg
  artifactKey: Guid(649c647c4fa323248b83f6577c0510ec) Importer(815301076,1909f56bfc062723c751e8b465ee728b)
Start importing Assets/Track/nr_08B.jpg using Guid(649c647c4fa323248b83f6577c0510ec) Importer(815301076,1909f56bfc062723c751e8b465ee728b)  -> (artifact id: 'f46278724638dcca30ddcd9da4f0aec8') in 0.047841 seconds 
========================================================================
Received Import Request.
  Time since last request: 0.034492 seconds.
  path: Assets/Track/nr_08S.jpg
  artifactKey: Guid(f3c91d7a6ebcd9f49bb3e63e10e2a53c) Importer(815301076,1909f56bfc062723c751e8b465ee728b)
Start importing Assets/Track/nr_08S.jpg using Guid(f3c91d7a6ebcd9f49bb3e63e10e2a53c) Importer(815301076,1909f56bfc062723c751e8b465ee728b)  -> (artifact id: '58deacc65fbe07e5f56b8b962be88969') in 0.092467 seconds 
========================================================================
Received Import Request.
  Time since last request: 0.065976 seconds.
  path: Assets/Track/city_road_3ways30left.3ds
  artifactKey: Guid(9044933d29867c34692975af9301ce15) Importer(815301076,1909f56bfc062723c751e8b465ee728b)
Start importing Assets/Track/city_road_3ways30left.3ds using Guid(9044933d29867c34692975af9301ce15) Importer(815301076,1909f56bfc062723c751e8b465ee728b)  -> (artifact id: '3a4d70a49ae471dbaad501ff2aa1db5e') in 0.140483 seconds 
========================================================================
Received Import Request.
  Time since last request: 0.061748 seconds.
  path: Assets/Track/city_road_US_4ways_cont_marking.3ds
  artifactKey: Guid(f14998f74fef05c44a71bc5c4ef71d4a) Importer(815301076,1909f56bfc062723c751e8b465ee728b)
Start importing Assets/Track/city_road_US_4ways_cont_marking.3ds using Guid(f14998f74fef05c44a71bc5c4ef71d4a) Importer(815301076,1909f56bfc062723c751e8b465ee728b)  -> (artifact id: '1fbc4aabd0a8151c90da76fcaabd6077') in 0.124391 seconds 
========================================================================
Received Import Request.
  Time since last request: 0.029603 seconds.
  path: Assets/Track/nr_10B.jpg
  artifactKey: Guid(c8826085940c4334fb73cfa4aba6da62) Importer(815301076,1909f56bfc062723c751e8b465ee728b)
Start importing Assets/Track/nr_10B.jpg using Guid(c8826085940c4334fb73cfa4aba6da62) Importer(815301076,1909f56bfc062723c751e8b465ee728b)  -> (artifact id: '2baf4c94b47203122925033ddac8e143') in 0.073893 seconds 
========================================================================
Received Import Request.
  Time since last request: 0.031019 seconds.
  path: Assets/Track/nr_10S.jpg
  artifactKey: Guid(8f11ff56c65170a49940f8984eacebfc) Importer(815301076,1909f56bfc062723c751e8b465ee728b)
Start importing Assets/Track/nr_10S.jpg using Guid(8f11ff56c65170a49940f8984eacebfc) Importer(815301076,1909f56bfc062723c751e8b465ee728b)  -> (artifact id: '326f643a7350d8c049517e138ec78671') in 0.099919 seconds 
========================================================================
Received Import Request.
  Time since last request: 0.047487 seconds.
  path: Assets/Track/nr_05S.jpg
  artifactKey: Guid(85cedd85998be4b42b19b23416725f7c) Importer(815301076,1909f56bfc062723c751e8b465ee728b)
Start importing Assets/Track/nr_05S.jpg using Guid(85cedd85998be4b42b19b23416725f7c) Importer(815301076,1909f56bfc062723c751e8b465ee728b)  -> (artifact id: 'a7e94131f16016c443d7a902e279a00a') in 0.066249 seconds 
========================================================================
Received Import Request.
  Time since last request: 0.048904 seconds.
  path: Assets/Track/bksid_11.jpg
  artifactKey: Guid(dd97623d51e79764a99db2b697604032) Importer(815301076,1909f56bfc062723c751e8b465ee728b)
Start importing Assets/Track/bksid_11.jpg using Guid(dd97623d51e79764a99db2b697604032) Importer(815301076,1909f56bfc062723c751e8b465ee728b)  -> (artifact id: '1bfa068ceaf9e4501643406bae545579') in 0.026937 seconds 
========================================================================
Received Import Request.
  Time since last request: 0.052300 seconds.
  path: Assets/Track/nr_10C.jpg
  artifactKey: Guid(9a45bccceada8c84f833da8da010433c) Importer(815301076,1909f56bfc062723c751e8b465ee728b)
Start importing Assets/Track/nr_10C.jpg using Guid(9a45bccceada8c84f833da8da010433c) Importer(815301076,1909f56bfc062723c751e8b465ee728b)  -> (artifact id: '72ec15dbca42ae7df817c2d0f6a0d1d5') in 0.058721 seconds 
========================================================================
Received Import Request.
  Time since last request: 0.045249 seconds.
  path: Assets/Track/nr_08C.jpg
  artifactKey: Guid(6eb5d4208cc2d0043a38a011ca5bac92) Importer(815301076,1909f56bfc062723c751e8b465ee728b)
Start importing Assets/Track/nr_08C.jpg using Guid(6eb5d4208cc2d0043a38a011ca5bac92) Importer(815301076,1909f56bfc062723c751e8b465ee728b)  -> (artifact id: '9c9e318363d428d599d1de54927d77b4') in 0.068921 seconds 
========================================================================
Received Import Request.
  Time since last request: 0.054711 seconds.
  path: Assets/Track/city_intersectionUS.3ds
  artifactKey: Guid(8758793ef57d11e40ae5a36c6ab65f75) Importer(815301076,1909f56bfc062723c751e8b465ee728b)
Start importing Assets/Track/city_intersectionUS.3ds using Guid(8758793ef57d11e40ae5a36c6ab65f75) Importer(815301076,1909f56bfc062723c751e8b465ee728b)  -> (artifact id: '6b64aa18c5f359de3ba6037e4423ed2d') in 0.292545 seconds 
========================================================================
Received Import Request.
  Time since last request: 0.025304 seconds.
  path: Assets/Track/nr_07S.jpg
  artifactKey: Guid(4846e7173a0a7ff4c96f2a736474641d) Importer(815301076,1909f56bfc062723c751e8b465ee728b)
Start importing Assets/Track/nr_07S.jpg using Guid(4846e7173a0a7ff4c96f2a736474641d) Importer(815301076,1909f56bfc062723c751e8b465ee728b)  -> (artifact id: 'f43e1ff8a08523e85f48f1b02c6bb846') in 0.065368 seconds 
========================================================================
Received Import Request.
  Time since last request: 0.047924 seconds.
  path: Assets/Track/nr_09S.jpg
  artifactKey: Guid(64220cbc44c843744b9648d3c3083c30) Importer(815301076,1909f56bfc062723c751e8b465ee728b)
Start importing Assets/Track/nr_09S.jpg using Guid(64220cbc44c843744b9648d3c3083c30) Importer(815301076,1909f56bfc062723c751e8b465ee728b)  -> (artifact id: '7c2cbf449f912c24da4cd8deaf231c11') in 0.064905 seconds 
========================================================================
Received Import Request.
  Time since last request: 0.045450 seconds.
  path: Assets/Track/nr_09B.jpg
  artifactKey: Guid(eb0808f3545936a4299ea4a5e14885b9) Importer(815301076,1909f56bfc062723c751e8b465ee728b)
Start importing Assets/Track/nr_09B.jpg using Guid(eb0808f3545936a4299ea4a5e14885b9) Importer(815301076,1909f56bfc062723c751e8b465ee728b)  -> (artifact id: '6ffe6cc544b253042be3811a04b9654f') in 0.038412 seconds 
========================================================================
Received Import Request.
  Time since last request: 0.034635 seconds.
  path: Assets/Track/nr_09C.jpg
  artifactKey: Guid(0f93396ae29daef4d80b9e699c3e8aa0) Importer(815301076,1909f56bfc062723c751e8b465ee728b)
Start importing Assets/Track/nr_09C.jpg using Guid(0f93396ae29daef4d80b9e699c3e8aa0) Importer(815301076,1909f56bfc062723c751e8b465ee728b)  -> (artifact id: '9456c245b01ca224092df71089a9e4cd') in 0.016788 seconds 
========================================================================
Received Import Request.
  Time since last request: 0.026849 seconds.
  path: Assets/Track/nr_07B.jpg
  artifactKey: Guid(22dc9aa23f2b29f4b9518980e7af29e4) Importer(815301076,1909f56bfc062723c751e8b465ee728b)
Start importing Assets/Track/nr_07B.jpg using Guid(22dc9aa23f2b29f4b9518980e7af29e4) Importer(815301076,1909f56bfc062723c751e8b465ee728b)  -> (artifact id: 'a7ae637e093d421275da103710aec815') in 0.018491 seconds 
========================================================================
Received Prepare
Registering precompiled user dll's ...
Registered in 0.007120 seconds.
Begin MonoManager ReloadAssembly
Native extension for WindowsStandalone target not found
Refreshing native plugins compatible for Editor in 1.17 ms, found 0 plugins.
Preloading 0 native plugins for Editor in 0.00 ms.
UnityIAP: [InitializeOnLoad] Facebook Check
UnityIAP: Runtime [2021.1.0b4]
UnityIAP: Current Build is Standalone:StandaloneWindows64
UnityIAP: stub FacebookStore.dll disabled
Mono: successfully reloaded assembly
- Completed reload, in  3.045 seconds
Platform modules already initialized, skipping
Refreshing native plugins compatible for Editor in 2.01 ms, found 0 plugins.
Preloading 0 native plugins for Editor in 0.00 ms.
Unloading 1815 Unused Serialized files (Serialized files now loaded: 0)
System memory in use before: 253.8 MB.
System memory in use after: 253.9 MB.

Unloading 40 unused Assets to reduce memory usage. Loaded Objects now: 2581.
Total: 12.795300 ms (FindLiveObjects: 0.260600 ms CreateObjectMapping: 0.107200 ms MarkObjects: 12.372200 ms  DeleteObjects: 0.053000 ms)

AssetImportWorkerClient::OnTransportError - code=2 error=End of file
